<?xml version="1.0" encoding="utf-8"?>
<CoverageSession xmlns:xsd="http://www.w3.org/2001/XMLSchema" xmlns:xsi="http://www.w3.org/2001/XMLSchema-instance">
  <Summary numSequencePoints="51" visitedSequencePoints="36" numBranchPoints="4" visitedBranchPoints="1" sequenceCoverage="70.59" branchCoverage="25" maxCyclomaticComplexity="3" minCyclomaticComplexity="1" visitedClasses="1" numClasses="1" visitedMethods="1" numMethods="2" />
  <Modules>
    <Module skippedDueTo="Filter" hash="6F-48-75-3A-68-30-6D-C2-46-54-F6-21-CA-4A-AE-63-37-2A-84-31">
      <ModulePath>C:\Windows\assembly\GAC_64\mscorlib\2.0.0.0__b77a5c561934e089\mscorlib.dll</ModulePath>
      <ModuleTime>2017-04-07T13:05:49.0597477Z</ModuleTime>
      <ModuleName>mscorlib</ModuleName>
      <Classes />
    </Module>
    <Module skippedDueTo="Filter" hash="F9-04-A8-31-CD-FB-23-72-95-63-5D-14-9A-A0-66-8E-7F-44-93-7A">
      <ModulePath>C:\Windows\assembly\GAC_64\mscorlib\2.0.0.0__b77a5c561934e089\sorttbls.nlp</ModulePath>
      <ModuleTime>2009-06-10T20:40:02.3042907Z</ModuleTime>
      <ModuleName>mscorlib</ModuleName>
      <Classes />
    </Module>
    <Module skippedDueTo="Filter" hash="6E-30-2E-50-36-FB-60-2C-8E-50-C0-83-54-8B-CC-EA-A8-91-B6-CC">
      <ModulePath>C:\Windows\assembly\GAC_64\mscorlib\2.0.0.0__b77a5c561934e089\sortkey.nlp</ModulePath>
      <ModuleTime>2009-06-10T20:40:02.2886909Z</ModuleTime>
      <ModuleName>mscorlib</ModuleName>
      <Classes />
    </Module>
    <Module skippedDueTo="MissingPdb" hash="73-2C-23-38-69-24-C6-47-B0-15-58-8D-B3-63-F3-64-AC-79-40-D5">
      <ModulePath>C:\BackUp\Work\Test Solutions\DevOpsDemo\packages\NUnit.ConsoleRunner.3.7.0\tools\nunit-console.exe</ModulePath>
      <ModuleTime>2017-07-13T15:03:20Z</ModuleTime>
      <ModuleName>nunit3-console</ModuleName>
      <Classes />
    </Module>
    <Module skippedDueTo="Filter" hash="01-2A-7E-68-64-77-CE-46-F9-1B-26-8C-06-EF-D8-3B-8C-E0-70-90">
      <ModulePath>C:\Windows\assembly\GAC_MSIL\System\2.0.0.0__b77a5c561934e089\System.dll</ModulePath>
      <ModuleTime>2017-08-16T13:04:20.2570689Z</ModuleTime>
      <ModuleName>System</ModuleName>
      <Classes />
    </Module>
    <Module skippedDueTo="MissingPdb" hash="4D-3A-F8-21-37-BF-6C-40-07-B1-F2-B3-C1-40-95-02-8B-29-D6-BF">
      <ModulePath>C:\BackUp\Work\Test Solutions\DevOpsDemo\packages\NUnit.ConsoleRunner.3.7.0\tools\nunit.engine.api.dll</ModulePath>
      <ModuleTime>2017-07-13T15:03:20Z</ModuleTime>
      <ModuleName>nunit.engine.api</ModuleName>
      <Classes />
    </Module>
    <Module skippedDueTo="MissingPdb" hash="78-8A-37-55-1D-1C-A6-13-69-DB-A2-FA-8C-58-E6-62-DB-70-B5-E7">
      <ModulePath>C:\BackUp\Work\Test Solutions\DevOpsDemo\packages\NUnit.ConsoleRunner.3.7.0\tools\nunit.engine.dll</ModulePath>
      <ModuleTime>2017-07-13T15:03:20Z</ModuleTime>
      <ModuleName>nunit.engine</ModuleName>
      <Classes />
    </Module>
    <Module skippedDueTo="Filter" hash="B5-FA-B4-34-D0-72-61-BF-B3-81-7D-65-34-82-B1-F8-87-98-1F-7F">
      <ModulePath>C:\Windows\assembly\GAC_MSIL\System.Xml\2.0.0.0__b77a5c561934e089\System.Xml.dll</ModulePath>
      <ModuleTime>2015-12-04T14:07:52.0674657Z</ModuleTime>
      <ModuleName>System.Xml</ModuleName>
      <Classes />
    </Module>
    <Module skippedDueTo="Filter" hash="06-CA-A6-69-EE-73-9A-D8-3F-05-E3-2A-81-33-5E-4C-D7-74-FF-03">
      <ModulePath>C:\Windows\assembly\GAC_64\System.Web\2.0.0.0__b03f5f7f11d50a3a\System.Web.dll</ModulePath>
      <ModuleTime>2017-04-07T13:05:50.1517547Z</ModuleTime>
      <ModuleName>System.Web</ModuleName>
      <Classes />
    </Module>
    <Module skippedDueTo="Filter" hash="F8-5F-04-7D-EC-2C-1F-2A-76-38-E1-E1-DB-2E-88-9C-D0-7E-B6-AC">
      <ModulePath>C:\Windows\assembly\GAC_MSIL\System.Runtime.Remoting\2.0.0.0__b77a5c561934e089\System.Runtime.Remoting.dll</ModulePath>
      <ModuleTime>2017-08-31T13:04:21.9658538Z</ModuleTime>
      <ModuleName>System.Runtime.Remoting</ModuleName>
      <Classes />
    </Module>
    <Module skippedDueTo="Filter" hash="A8-11-D7-52-4C-12-FE-1E-D5-1D-AD-35-BD-8E-E7-0A-41-48-A9-CD">
      <ModulePath>C:\Windows\assembly\GAC_MSIL\System.Configuration\2.0.0.0__b03f5f7f11d50a3a\System.Configuration.dll</ModulePath>
      <ModuleTime>2014-03-20T22:49:19.4176787Z</ModuleTime>
      <ModuleName>System.Configuration</ModuleName>
      <Classes />
    </Module>
    <Module skippedDueTo="MissingPdb" hash="8A-2E-8F-D6-9D-39-02-4A-2F-30-FC-06-42-F7-0F-A8-32-69-07-72">
      <ModulePath>C:\BackUp\Work\Test Solutions\DevOpsDemo\packages\NUnit.ConsoleRunner.3.7.0\tools\Mono.Cecil.dll</ModulePath>
      <ModuleTime>2017-07-13T15:03:20Z</ModuleTime>
      <ModuleName>Mono.Cecil</ModuleName>
      <Classes />
    </Module>
    <Module skippedDueTo="Filter" hash="02-CA-F2-CB-0B-C4-3E-6E-7C-9A-A8-BD-2A-99-0D-54-18-12-3C-32">
      <ModulePath>C:\Windows\Microsoft.Net\assembly\GAC_64\mscorlib\v4.0_4.0.0.0__b77a5c561934e089\mscorlib.dll</ModulePath>
      <ModuleTime>2017-08-29T17:26:16Z</ModuleTime>
      <ModuleName>mscorlib</ModuleName>
      <Classes />
    </Module>
    <Module skippedDueTo="MissingPdb" hash="F5-B4-D0-7A-07-D3-FB-8D-44-18-EB-94-5A-2A-C5-32-D7-96-48-25">
      <ModulePath>C:\BackUp\Work\Test Solutions\DevOpsDemo\packages\NUnit.ConsoleRunner.3.7.0\tools\nunit-agent.exe</ModulePath>
      <ModuleTime>2017-07-13T15:03:20Z</ModuleTime>
      <ModuleName>nunit-agent</ModuleName>
      <Classes />
    </Module>
    <Module skippedDueTo="Filter" hash="19-D3-1F-DA-71-E0-C3-3F-3A-21-BC-78-3E-93-8C-A2-50-30-2D-63">
      <ModulePath>C:\Windows\Microsoft.Net\assembly\GAC_MSIL\System\v4.0_4.0.0.0__b77a5c561934e089\System.dll</ModulePath>
      <ModuleTime>2017-08-29T17:34:22Z</ModuleTime>
      <ModuleName>System</ModuleName>
      <Classes />
    </Module>
    <Module skippedDueTo="Filter" hash="47-D7-9D-FD-3E-C5-48-A0-86-88-7A-66-DA-40-97-E3-9D-FA-C6-F8">
      <ModulePath>C:\Windows\Microsoft.Net\assembly\GAC_MSIL\System.Xml\v4.0_4.0.0.0__b77a5c561934e089\System.Xml.dll</ModulePath>
      <ModuleTime>2017-08-29T17:34:22Z</ModuleTime>
      <ModuleName>System.Xml</ModuleName>
      <Classes />
    </Module>
    <Module skippedDueTo="Filter" hash="1F-A1-E7-5F-FE-FD-65-55-DD-94-A3-E9-87-6E-1E-37-1D-69-BE-65">
      <ModulePath>C:\Windows\Microsoft.Net\assembly\GAC_64\System.Web\v4.0_4.0.0.0__b03f5f7f11d50a3a\System.Web.dll</ModulePath>
      <ModuleTime>2017-08-29T17:26:16Z</ModuleTime>
      <ModuleName>System.Web</ModuleName>
      <Classes />
    </Module>
    <Module skippedDueTo="Filter" hash="29-58-E1-EB-D3-F6-52-F3-E3-5D-C7-92-48-68-FA-2A-6C-78-BA-3B">
      <ModulePath>C:\Windows\Microsoft.Net\assembly\GAC_MSIL\System.Runtime.Remoting\v4.0_4.0.0.0__b77a5c561934e089\System.Runtime.Remoting.dll</ModulePath>
      <ModuleTime>2017-08-29T17:34:22Z</ModuleTime>
      <ModuleName>System.Runtime.Remoting</ModuleName>
      <Classes />
    </Module>
    <Module skippedDueTo="Filter" hash="FB-D4-0E-90-EA-AB-B0-1B-C4-12-8E-0A-26-C7-FA-75-AA-39-11-98">
      <ModulePath>C:\Windows\Microsoft.Net\assembly\GAC_MSIL\System.Configuration\v4.0_4.0.0.0__b03f5f7f11d50a3a\System.Configuration.dll</ModulePath>
      <ModuleTime>2017-04-21T09:23:36Z</ModuleTime>
      <ModuleName>System.Configuration</ModuleName>
      <Classes />
    </Module>
    <Module skippedDueTo="MissingPdb" hash="A7-9F-41-2F-47-0F-3E-C7-DD-99-9E-73-7D-AF-41-93-23-DC-2B-18">
      <ModulePath>C:\BackUp\Work\Test Solutions\DevOpsDemo\DevOpsDemo.Test\bin\Debug\nunit.framework.dll</ModulePath>
      <ModuleTime>2017-11-10T07:30:24Z</ModuleTime>
      <ModuleName>nunit.framework</ModuleName>
      <Classes />
    </Module>
    <Module skippedDueTo="Filter" hash="CF-4A-9C-32-50-18-12-A7-9B-C7-FB-6E-5E-F6-C5-6D-DA-B1-17-F9">
      <ModulePath>C:\Windows\Microsoft.Net\assembly\GAC_MSIL\System.Core\v4.0_4.0.0.0__b77a5c561934e089\System.Core.dll</ModulePath>
      <ModuleTime>2017-08-29T17:34:22Z</ModuleTime>
      <ModuleName>System.Core</ModuleName>
      <Classes />
    </Module>
    <Module skippedDueTo="Filter" hash="93-76-2E-E0-7A-95-81-B7-9E-78-54-3B-91-72-81-B8-B5-A3-58-4A">
      <ModulePath>C:\BackUp\Work\Test Solutions\DevOpsDemo\DevOpsDemo.Test\bin\Debug\DevOpsDemo.Test.dll</ModulePath>
      <ModuleTime>2018-01-10T03:21:13.1140123Z</ModuleTime>
      <ModuleName>DevOpsDemo.Test</ModuleName>
      <Classes />
    </Module>
    <Module hash="C7-88-03-4A-E0-CA-A6-CF-B6-C7-3B-6A-0D-CF-E6-A2-04-16-30-AC">
      <Summary numSequencePoints="51" visitedSequencePoints="36" numBranchPoints="4" visitedBranchPoints="1" sequenceCoverage="70.59" branchCoverage="25" maxCyclomaticComplexity="3" minCyclomaticComplexity="1" visitedClasses="1" numClasses="1" visitedMethods="1" numMethods="2" />
      <ModulePath>C:\BackUp\Work\Test Solutions\DevOpsDemo\DevOpsDemo.Test\bin\Debug\DevOpsDemo.exe</ModulePath>
      <ModuleTime>2018-01-10T03:20:58.6935704Z</ModuleTime>
      <ModuleName>DevOpsDemo</ModuleName>
      <Files>
        <File uid="1" fullPath="C:\BackUp\Work\Test Solutions\DevOpsDemo\DevOpsDemo\Program.cs" />
      </Files>
      <Classes>
        <Class>
          <Summary numSequencePoints="0" visitedSequencePoints="0" numBranchPoints="0" visitedBranchPoints="0" sequenceCoverage="0" branchCoverage="0" maxCyclomaticComplexity="0" minCyclomaticComplexity="0" visitedClasses="0" numClasses="0" visitedMethods="0" numMethods="0" />
          <FullName>&lt;Module&gt;</FullName>
          <Methods />
        </Class>
        <Class>
          <Summary numSequencePoints="51" visitedSequencePoints="36" numBranchPoints="4" visitedBranchPoints="1" sequenceCoverage="70.59" branchCoverage="25" maxCyclomaticComplexity="3" minCyclomaticComplexity="1" visitedClasses="1" numClasses="1" visitedMethods="1" numMethods="2" />
          <FullName>DevOpsDemo.Program</FullName>
          <Methods>
            <Method visited="false" cyclomaticComplexity="2" nPathComplexity="2" sequenceCoverage="0" branchCoverage="0" isConstructor="false" isStatic="true" isGetter="false" isSetter="false">
              <Summary numSequencePoints="11" visitedSequencePoints="0" numBranchPoints="3" visitedBranchPoints="0" sequenceCoverage="0" branchCoverage="0" maxCyclomaticComplexity="2" minCyclomaticComplexity="2" visitedClasses="0" numClasses="0" visitedMethods="0" numMethods="1" />
              <MetadataToken>100663297</MetadataToken>
              <Name>System.Void DevOpsDemo.Program::Main(System.String[])</Name>
              <FileRef uid="1" />
              <SequencePoints>
                <SequencePoint vc="0" uspid="1" ordinal="0" offset="0" sl="8" sc="9" el="8" ec="10" bec="0" bev="0" fileid="1" />
                <SequencePoint vc="0" uspid="2" ordinal="1" offset="1" sl="9" sc="13" el="9" ec="33" bec="2" bev="0" fileid="1" />
                <SequencePoint vc="0" uspid="3" ordinal="2" offset="11" sl="10" sc="13" el="10" ec="14" bec="0" bev="0" fileid="1" />
                <SequencePoint vc="0" uspid="4" ordinal="3" offset="12" sl="11" sc="17" el="11" ec="58" bec="0" bev="0" fileid="1" />
                <SequencePoint vc="0" uspid="5" ordinal="4" offset="23" sl="12" sc="17" el="12" ec="36" bec="0" bev="0" fileid="1" />
                <SequencePoint vc="0" uspid="6" ordinal="5" offset="29" sl="13" sc="13" el="13" ec="14" bec="0" bev="0" fileid="1" />
                <SequencePoint vc="0" uspid="7" ordinal="6" offset="32" sl="15" sc="13" el="15" ec="14" bec="0" bev="0" fileid="1" />
                <SequencePoint vc="0" uspid="8" ordinal="7" offset="33" sl="16" sc="17" el="16" ec="45" bec="0" bev="0" fileid="1" />
                <SequencePoint vc="0" uspid="9" ordinal="8" offset="39" sl="17" sc="17" el="17" ec="39" bec="0" bev="0" fileid="1" />
                <SequencePoint vc="0" uspid="10" ordinal="9" offset="49" sl="18" sc="13" el="18" ec="14" bec="0" bev="0" fileid="1" />
                <SequencePoint vc="0" uspid="11" ordinal="10" offset="50" sl="19" sc="9" el="19" ec="10" bec="0" bev="0" fileid="1" />
              </SequencePoints>
              <BranchPoints>
                <BranchPoint vc="0" uspid="12" ordinal="0" offset="9" sl="9" path="0" offsetend="11" fileid="1" />
                <BranchPoint vc="0" uspid="13" ordinal="1" offset="9" sl="9" path="1" offsetend="32" fileid="1" />
              </BranchPoints>
              <MethodPoint xsi:type="SequencePoint" vc="0" uspid="1" ordinal="0" offset="0" sl="8" sc="9" el="8" ec="10" bec="0" bev="0" fileid="1" />
            </Method>
            <Method visited="true" cyclomaticComplexity="3" nPathComplexity="0" sequenceCoverage="90" branchCoverage="100" isConstructor="false" isStatic="false" isGetter="false" isSetter="false">
              <Summary numSequencePoints="40" visitedSequencePoints="36" numBranchPoints="1" visitedBranchPoints="1" sequenceCoverage="90" branchCoverage="100" maxCyclomaticComplexity="3" minCyclomaticComplexity="3" visitedClasses="0" numClasses="0" visitedMethods="1" numMethods="1" />
              <MetadataToken>100663298</MetadataToken>
              <Name>System.Boolean DevOpsDemo.Program::getFiles(System.String)</Name>
              <FileRef uid="1" />
              <SequencePoints>
                <SequencePoint vc="1" uspid="14" ordinal="0" offset="0" sl="21" sc="9" el="21" ec="10" bec="0" bev="0" fileid="1" />
                <SequencePoint vc="1" uspid="15" ordinal="1" offset="1" sl="23" sc="13" el="23" ec="14" bec="0" bev="0" fileid="1" />
                <SequencePoint vc="1" uspid="16" ordinal="2" offset="2" sl="24" sc="17" el="24" ec="61" bec="0" bev="0" fileid="1" />
                <SequencePoint vc="1" uspid="17" ordinal="3" offset="9" sl="25" sc="17" el="25" ec="64" bec="0" bev="0" fileid="1" />
                <SequencePoint vc="1" uspid="18" ordinal="4" offset="16" sl="26" sc="17" el="26" ec="37" bec="0" bev="0" fileid="1" />
                <SequencePoint vc="1" uspid="19" ordinal="5" offset="22" sl="27" sc="17" el="27" ec="67" bec="0" bev="0" fileid="1" />
                <SequencePoint vc="1" uspid="20" ordinal="6" offset="33" sl="28" sc="17" el="28" ec="37" bec="0" bev="0" fileid="1" />
                <SequencePoint vc="1" uspid="21" ordinal="7" offset="39" sl="29" sc="17" el="29" ec="80" bec="0" bev="0" fileid="1" />
                <SequencePoint vc="1" uspid="22" ordinal="8" offset="63" sl="30" sc="17" el="30" ec="37" bec="0" bev="0" fileid="1" />
                <SequencePoint vc="1" uspid="23" ordinal="9" offset="69" sl="31" sc="17" el="31" ec="67" bec="0" bev="0" fileid="1" />
                <SequencePoint vc="1" uspid="24" ordinal="10" offset="80" sl="31" sc="68" el="31" ec="88" bec="0" bev="0" fileid="1" />
                <SequencePoint vc="1" uspid="25" ordinal="11" offset="86" sl="32" sc="17" el="32" ec="24" bec="0" bev="0" fileid="1" />
                <SequencePoint vc="1" uspid="26" ordinal="12" offset="87" sl="32" sc="46" el="32" ec="53" bec="0" bev="0" fileid="1" />
                <SequencePoint vc="8" uspid="27" ordinal="13" offset="94" sl="32" sc="26" el="32" ec="42" bec="0" bev="0" fileid="1" />
                <SequencePoint vc="8" uspid="28" ordinal="14" offset="100" sl="33" sc="17" el="33" ec="18" bec="0" bev="0" fileid="1" />
                <SequencePoint vc="8" uspid="29" ordinal="15" offset="101" sl="34" sc="21" el="34" ec="52" bec="0" bev="0" fileid="1" />
                <SequencePoint vc="8" uspid="30" ordinal="16" offset="114" sl="35" sc="17" el="35" ec="18" bec="0" bev="0" fileid="1" />
                <SequencePoint vc="9" uspid="31" ordinal="17" offset="121" sl="32" sc="43" el="32" ec="45" bec="0" bev="0" fileid="1" />
                <SequencePoint vc="1" uspid="32" ordinal="18" offset="128" sl="36" sc="17" el="36" ec="37" bec="0" bev="0" fileid="1" />
                <SequencePoint vc="1" uspid="33" ordinal="19" offset="134" sl="37" sc="17" el="37" ec="37" bec="0" bev="0" fileid="1" />
                <SequencePoint vc="1" uspid="34" ordinal="20" offset="140" sl="38" sc="17" el="38" ec="51" bec="0" bev="0" fileid="1" />
                <SequencePoint vc="1" uspid="35" ordinal="21" offset="147" sl="39" sc="17" el="39" ec="67" bec="0" bev="0" fileid="1" />
                <SequencePoint vc="1" uspid="36" ordinal="22" offset="158" sl="40" sc="17" el="40" ec="37" bec="0" bev="0" fileid="1" />
                <SequencePoint vc="1" uspid="37" ordinal="23" offset="164" sl="41" sc="17" el="41" ec="72" bec="0" bev="0" fileid="1" />
                <SequencePoint vc="1" uspid="38" ordinal="24" offset="188" sl="42" sc="17" el="42" ec="37" bec="0" bev="0" fileid="1" />
                <SequencePoint vc="1" uspid="39" ordinal="25" offset="194" sl="43" sc="17" el="43" ec="67" bec="0" bev="0" fileid="1" />
                <SequencePoint vc="1" uspid="40" ordinal="26" offset="205" sl="43" sc="68" el="43" ec="88" bec="0" bev="0" fileid="1" />
                <SequencePoint vc="1" uspid="41" ordinal="27" offset="211" sl="44" sc="17" el="44" ec="24" bec="0" bev="0" fileid="1" />
                <SequencePoint vc="1" uspid="42" ordinal="28" offset="212" sl="44" sc="41" el="44" ec="46" bec="0" bev="0" fileid="1" />
                <SequencePoint vc="3" uspid="43" ordinal="29" offset="220" sl="44" sc="26" el="44" ec="37" bec="0" bev="0" fileid="1" />
                <SequencePoint vc="3" uspid="44" ordinal="30" offset="227" sl="45" sc="17" el="45" ec="18" bec="0" bev="0" fileid="1" />
                <SequencePoint vc="3" uspid="45" ordinal="31" offset="228" sl="46" sc="21" el="46" ec="52" bec="0" bev="0" fileid="1" />
                <SequencePoint vc="3" uspid="46" ordinal="32" offset="241" sl="47" sc="17" el="47" ec="18" bec="0" bev="0" fileid="1" />
                <SequencePoint vc="4" uspid="47" ordinal="33" offset="248" sl="44" sc="38" el="44" ec="40" bec="0" bev="0" fileid="1" />
                <SequencePoint vc="1" uspid="48" ordinal="34" offset="256" sl="48" sc="17" el="48" ec="29" bec="0" bev="0" fileid="1" />
                <SequencePoint vc="0" uspid="49" ordinal="35" offset="261" sl="50" sc="13" el="50" ec="32" bec="0" bev="0" fileid="1" />
                <SequencePoint vc="0" uspid="50" ordinal="36" offset="263" sl="51" sc="13" el="51" ec="14" bec="0" bev="0" fileid="1" />
                <SequencePoint vc="0" uspid="51" ordinal="37" offset="264" sl="52" sc="17" el="52" ec="65" bec="0" bev="0" fileid="1" />
                <SequencePoint vc="0" uspid="52" ordinal="38" offset="287" sl="53" sc="17" el="53" ec="30" bec="0" bev="0" fileid="1" />
                <SequencePoint vc="1" uspid="53" ordinal="39" offset="292" sl="55" sc="9" el="55" ec="10" bec="0" bev="0" fileid="1" />
              </SequencePoints>
              <BranchPoints />
              <MethodPoint xsi:type="SequencePoint" vc="1" uspid="14" ordinal="0" offset="0" sl="21" sc="9" el="21" ec="10" bec="0" bev="0" fileid="1" />
            </Method>
            <Method visited="true" cyclomaticComplexity="1" nPathComplexity="0" sequenceCoverage="0" branchCoverage="0" isConstructor="true" isStatic="false" isGetter="false" isSetter="false">
              <Summary numSequencePoints="0" visitedSequencePoints="0" numBranchPoints="0" visitedBranchPoints="0" sequenceCoverage="0" branchCoverage="0" maxCyclomaticComplexity="1" minCyclomaticComplexity="1" visitedClasses="0" numClasses="0" visitedMethods="0" numMethods="0" />
              <MetadataToken>100663299</MetadataToken>
              <Name>System.Void DevOpsDemo.Program::.ctor()</Name>
              <SequencePoints />
              <BranchPoints />
              <MethodPoint vc="1" uspid="58" ordinal="0" offset="0" />
            </Method>
          </Methods>
        </Class>
      </Classes>
    </Module>
  </Modules>
</CoverageSession>