<?xml version="1.0" encoding="utf-8"?>
<CoverageSession xmlns:xsd="http://www.w3.org/2001/XMLSchema" xmlns:xsi="http://www.w3.org/2001/XMLSchema-instance" Version="4.6.0.0">
  <Summary numSequencePoints="55" visitedSequencePoints="11" numBranchPoints="5" visitedBranchPoints="2" sequenceCoverage="20" branchCoverage="40" maxCyclomaticComplexity="3" minCyclomaticComplexity="1" maxCrapScore="7.61" minCrapScore="1.02" visitedClasses="2" numClasses="2" visitedMethods="2" numMethods="3" />
  <Modules>
    <Module hash="93-76-2E-E0-7A-95-81-B7-9E-78-54-3B-91-72-81-B8-B5-A3-58-4A">
      <Summary numSequencePoints="4" visitedSequencePoints="3" numBranchPoints="1" visitedBranchPoints="1" sequenceCoverage="75" branchCoverage="100" maxCyclomaticComplexity="1" minCyclomaticComplexity="1" maxCrapScore="2" minCrapScore="1.02" visitedClasses="1" numClasses="1" visitedMethods="1" numMethods="1" />
      <ModulePath>C:\BackUp\Work\Test Solutions\DevOpsDemo\DevOpsDemo.Test\bin\Debug\DevOpsDemo.Test.dll</ModulePath>
      <ModuleTime>2018-01-10T03:21:13.1140123Z</ModuleTime>
      <ModuleName>DevOpsDemo.Test</ModuleName>
      <Files>
        <File uid="1" fullPath="C:\BackUp\Work\Test Solutions\DevOpsDemo\DevOpsDemo.Test\UnitTest1.cs" />
      </Files>
      <Classes>
        <Class>
          <Summary numSequencePoints="4" visitedSequencePoints="3" numBranchPoints="1" visitedBranchPoints="1" sequenceCoverage="75" branchCoverage="100" maxCyclomaticComplexity="1" minCyclomaticComplexity="1" maxCrapScore="2" minCrapScore="1.02" visitedClasses="1" numClasses="1" visitedMethods="1" numMethods="1" />
          <FullName>DevOpsDemo.Test.UnitTest1</FullName>
          <Methods>
            <Method visited="true" cyclomaticComplexity="1" nPathComplexity="0" sequenceCoverage="75" branchCoverage="100" crapScore="1.02" isConstructor="false" isStatic="false" isGetter="false" isSetter="false">
              <Summary numSequencePoints="4" visitedSequencePoints="3" numBranchPoints="1" visitedBranchPoints="1" sequenceCoverage="75" branchCoverage="100" maxCyclomaticComplexity="1" minCyclomaticComplexity="1" maxCrapScore="1.02" minCrapScore="1.02" visitedClasses="0" numClasses="0" visitedMethods="1" numMethods="1" />
              <MetadataToken>100663297</MetadataToken>
              <Name>System.Void DevOpsDemo.Test.UnitTest1::TestInputPath()</Name>
              <FileRef uid="1" />
              <SequencePoints>
                <SequencePoint vc="1" uspid="1" ordinal="0" offset="0" sl="13" sc="9" el="13" ec="10" bec="0" bev="0" fileid="1">
                  <TrackedMethodRefs>
                    <TrackedMethodRef uid="1" vc="1" />
                  </TrackedMethodRefs>
                </SequencePoint>
                <SequencePoint vc="1" uspid="2" ordinal="1" offset="1" sl="14" sc="13" el="14" ec="41" bec="0" bev="0" fileid="1">
                  <TrackedMethodRefs>
                    <TrackedMethodRef uid="1" vc="1" />
                  </TrackedMethodRefs>
                </SequencePoint>
                <SequencePoint vc="1" uspid="3" ordinal="2" offset="7" sl="15" sc="12" el="15" ec="79" bec="0" bev="0" fileid="1">
                  <TrackedMethodRefs>
                    <TrackedMethodRef uid="1" vc="1" />
                  </TrackedMethodRefs>
                </SequencePoint>
                <SequencePoint vc="0" uspid="4" ordinal="3" offset="45" sl="16" sc="9" el="16" ec="10" bec="0" bev="0" fileid="1" />
              </SequencePoints>
              <BranchPoints />
              <MethodPoint xsi:type="SequencePoint" vc="1" uspid="1" ordinal="0" offset="0" sl="13" sc="9" el="13" ec="10" bec="0" bev="0" fileid="1">
                <TrackedMethodRefs>
                  <TrackedMethodRef uid="1" vc="1" />
                </TrackedMethodRefs>
              </MethodPoint>
            </Method>
            <Method visited="false" cyclomaticComplexity="1" nPathComplexity="0" sequenceCoverage="0" branchCoverage="0" crapScore="2" isConstructor="true" isStatic="false" isGetter="false" isSetter="false">
              <Summary numSequencePoints="0" visitedSequencePoints="0" numBranchPoints="0" visitedBranchPoints="0" sequenceCoverage="0" branchCoverage="0" maxCyclomaticComplexity="1" minCyclomaticComplexity="1" maxCrapScore="2" minCrapScore="2" visitedClasses="0" numClasses="0" visitedMethods="0" numMethods="0" />
              <MetadataToken>100663298</MetadataToken>
              <Name>System.Void DevOpsDemo.Test.UnitTest1::.ctor()</Name>
              <SequencePoints />
              <BranchPoints />
              <MethodPoint vc="0" uspid="5" ordinal="0" offset="0" />
            </Method>
          </Methods>
        </Class>
      </Classes>
      <TrackedMethods>
        <TrackedMethod uid="1" token="100663297" name="System.Void DevOpsDemo.Test.UnitTest1::TestInputPath()" strategy="NUnitTest" />
      </TrackedMethods>
    </Module>
    <Module hash="C7-88-03-4A-E0-CA-A6-CF-B6-C7-3B-6A-0D-CF-E6-A2-04-16-30-AC">
      <Summary numSequencePoints="51" visitedSequencePoints="8" numBranchPoints="4" visitedBranchPoints="1" sequenceCoverage="15.69" branchCoverage="25" maxCyclomaticComplexity="3" minCyclomaticComplexity="1" maxCrapScore="7.61" minCrapScore="2" visitedClasses="1" numClasses="1" visitedMethods="1" numMethods="2" />
      <ModulePath>C:\BackUp\Work\Test Solutions\DevOpsDemo\DevOpsDemo.Test\bin\Debug\DevOpsDemo.exe</ModulePath>
      <ModuleTime>2018-01-10T03:20:58.6935704Z</ModuleTime>
      <ModuleName>DevOpsDemo</ModuleName>
      <Files>
        <File uid="3" fullPath="C:\BackUp\Work\Test Solutions\DevOpsDemo\DevOpsDemo\Program.cs" />
      </Files>
      <Classes>
        <Class>
          <Summary numSequencePoints="51" visitedSequencePoints="8" numBranchPoints="4" visitedBranchPoints="1" sequenceCoverage="15.69" branchCoverage="25" maxCyclomaticComplexity="3" minCyclomaticComplexity="1" maxCrapScore="7.61" minCrapScore="2" visitedClasses="1" numClasses="1" visitedMethods="1" numMethods="2" />
          <FullName>DevOpsDemo.Program</FullName>
          <Methods>
            <Method visited="false" cyclomaticComplexity="2" nPathComplexity="2" sequenceCoverage="0" branchCoverage="0" crapScore="6" isConstructor="false" isStatic="true" isGetter="false" isSetter="false">
              <Summary numSequencePoints="11" visitedSequencePoints="0" numBranchPoints="3" visitedBranchPoints="0" sequenceCoverage="0" branchCoverage="0" maxCyclomaticComplexity="2" minCyclomaticComplexity="2" maxCrapScore="6" minCrapScore="6" visitedClasses="0" numClasses="0" visitedMethods="0" numMethods="1" />
              <MetadataToken>100663297</MetadataToken>
              <Name>System.Void DevOpsDemo.Program::Main(System.String[])</Name>
              <FileRef uid="3" />
              <SequencePoints>
                <SequencePoint vc="0" uspid="6" ordinal="0" offset="0" sl="8" sc="9" el="8" ec="10" bec="0" bev="0" fileid="3" />
                <SequencePoint vc="0" uspid="7" ordinal="1" offset="1" sl="9" sc="13" el="9" ec="33" bec="2" bev="0" fileid="3" />
                <SequencePoint vc="0" uspid="8" ordinal="2" offset="11" sl="10" sc="13" el="10" ec="14" bec="0" bev="0" fileid="3" />
                <SequencePoint vc="0" uspid="9" ordinal="3" offset="12" sl="11" sc="17" el="11" ec="58" bec="0" bev="0" fileid="3" />
                <SequencePoint vc="0" uspid="10" ordinal="4" offset="23" sl="12" sc="17" el="12" ec="36" bec="0" bev="0" fileid="3" />
                <SequencePoint vc="0" uspid="11" ordinal="5" offset="29" sl="13" sc="13" el="13" ec="14" bec="0" bev="0" fileid="3" />
                <SequencePoint vc="0" uspid="12" ordinal="6" offset="32" sl="15" sc="13" el="15" ec="14" bec="0" bev="0" fileid="3" />
                <SequencePoint vc="0" uspid="13" ordinal="7" offset="33" sl="16" sc="17" el="16" ec="45" bec="0" bev="0" fileid="3" />
                <SequencePoint vc="0" uspid="14" ordinal="8" offset="39" sl="17" sc="17" el="17" ec="39" bec="0" bev="0" fileid="3" />
                <SequencePoint vc="0" uspid="15" ordinal="9" offset="49" sl="18" sc="13" el="18" ec="14" bec="0" bev="0" fileid="3" />
                <SequencePoint vc="0" uspid="16" ordinal="10" offset="50" sl="19" sc="9" el="19" ec="10" bec="0" bev="0" fileid="3" />
              </SequencePoints>
              <BranchPoints>
                <BranchPoint vc="0" uspid="17" ordinal="0" offset="9" sl="9" path="0" offsetend="11" fileid="3" />
                <BranchPoint vc="0" uspid="18" ordinal="1" offset="9" sl="9" path="1" offsetend="32" fileid="3" />
              </BranchPoints>
              <MethodPoint xsi:type="SequencePoint" vc="0" uspid="6" ordinal="0" offset="0" sl="8" sc="9" el="8" ec="10" bec="0" bev="0" fileid="3" />
            </Method>
            <Method visited="true" cyclomaticComplexity="3" nPathComplexity="0" sequenceCoverage="20" branchCoverage="100" crapScore="7.61" isConstructor="false" isStatic="false" isGetter="false" isSetter="false">
              <Summary numSequencePoints="40" visitedSequencePoints="8" numBranchPoints="1" visitedBranchPoints="1" sequenceCoverage="20" branchCoverage="100" maxCyclomaticComplexity="3" minCyclomaticComplexity="3" maxCrapScore="7.61" minCrapScore="7.61" visitedClasses="0" numClasses="0" visitedMethods="1" numMethods="1" />
              <MetadataToken>100663298</MetadataToken>
              <Name>System.Boolean DevOpsDemo.Program::getFiles(System.String)</Name>
              <FileRef uid="3" />
              <SequencePoints>
                <SequencePoint vc="1" uspid="19" ordinal="0" offset="0" sl="21" sc="9" el="21" ec="10" bec="0" bev="0" fileid="3">
                  <TrackedMethodRefs>
                    <TrackedMethodRef uid="1" vc="1" />
                  </TrackedMethodRefs>
                </SequencePoint>
                <SequencePoint vc="1" uspid="20" ordinal="1" offset="1" sl="23" sc="13" el="23" ec="14" bec="0" bev="0" fileid="3">
                  <TrackedMethodRefs>
                    <TrackedMethodRef uid="1" vc="1" />
                  </TrackedMethodRefs>
                </SequencePoint>
                <SequencePoint vc="1" uspid="21" ordinal="2" offset="2" sl="24" sc="17" el="24" ec="61" bec="0" bev="0" fileid="3">
                  <TrackedMethodRefs>
                    <TrackedMethodRef uid="1" vc="1" />
                  </TrackedMethodRefs>
                </SequencePoint>
                <SequencePoint vc="0" uspid="22" ordinal="3" offset="9" sl="25" sc="17" el="25" ec="64" bec="0" bev="0" fileid="3" />
                <SequencePoint vc="0" uspid="23" ordinal="4" offset="16" sl="26" sc="17" el="26" ec="37" bec="0" bev="0" fileid="3" />
                <SequencePoint vc="0" uspid="24" ordinal="5" offset="22" sl="27" sc="17" el="27" ec="67" bec="0" bev="0" fileid="3" />
                <SequencePoint vc="0" uspid="25" ordinal="6" offset="33" sl="28" sc="17" el="28" ec="37" bec="0" bev="0" fileid="3" />
                <SequencePoint vc="0" uspid="26" ordinal="7" offset="39" sl="29" sc="17" el="29" ec="80" bec="0" bev="0" fileid="3" />
                <SequencePoint vc="0" uspid="27" ordinal="8" offset="63" sl="30" sc="17" el="30" ec="37" bec="0" bev="0" fileid="3" />
                <SequencePoint vc="0" uspid="28" ordinal="9" offset="69" sl="31" sc="17" el="31" ec="67" bec="0" bev="0" fileid="3" />
                <SequencePoint vc="0" uspid="29" ordinal="10" offset="80" sl="31" sc="68" el="31" ec="88" bec="0" bev="0" fileid="3" />
                <SequencePoint vc="0" uspid="30" ordinal="11" offset="86" sl="32" sc="17" el="32" ec="24" bec="0" bev="0" fileid="3" />
                <SequencePoint vc="0" uspid="31" ordinal="12" offset="87" sl="32" sc="46" el="32" ec="53" bec="0" bev="0" fileid="3" />
                <SequencePoint vc="0" uspid="32" ordinal="13" offset="94" sl="32" sc="26" el="32" ec="42" bec="0" bev="0" fileid="3" />
                <SequencePoint vc="0" uspid="33" ordinal="14" offset="100" sl="33" sc="17" el="33" ec="18" bec="0" bev="0" fileid="3" />
                <SequencePoint vc="0" uspid="34" ordinal="15" offset="101" sl="34" sc="21" el="34" ec="52" bec="0" bev="0" fileid="3" />
                <SequencePoint vc="0" uspid="35" ordinal="16" offset="114" sl="35" sc="17" el="35" ec="18" bec="0" bev="0" fileid="3" />
                <SequencePoint vc="0" uspid="36" ordinal="17" offset="121" sl="32" sc="43" el="32" ec="45" bec="0" bev="0" fileid="3" />
                <SequencePoint vc="0" uspid="37" ordinal="18" offset="128" sl="36" sc="17" el="36" ec="37" bec="0" bev="0" fileid="3" />
                <SequencePoint vc="0" uspid="38" ordinal="19" offset="134" sl="37" sc="17" el="37" ec="37" bec="0" bev="0" fileid="3" />
                <SequencePoint vc="0" uspid="39" ordinal="20" offset="140" sl="38" sc="17" el="38" ec="51" bec="0" bev="0" fileid="3" />
                <SequencePoint vc="0" uspid="40" ordinal="21" offset="147" sl="39" sc="17" el="39" ec="67" bec="0" bev="0" fileid="3" />
                <SequencePoint vc="0" uspid="41" ordinal="22" offset="158" sl="40" sc="17" el="40" ec="37" bec="0" bev="0" fileid="3" />
                <SequencePoint vc="0" uspid="42" ordinal="23" offset="164" sl="41" sc="17" el="41" ec="72" bec="0" bev="0" fileid="3" />
                <SequencePoint vc="0" uspid="43" ordinal="24" offset="188" sl="42" sc="17" el="42" ec="37" bec="0" bev="0" fileid="3" />
                <SequencePoint vc="0" uspid="44" ordinal="25" offset="194" sl="43" sc="17" el="43" ec="67" bec="0" bev="0" fileid="3" />
                <SequencePoint vc="0" uspid="45" ordinal="26" offset="205" sl="43" sc="68" el="43" ec="88" bec="0" bev="0" fileid="3" />
                <SequencePoint vc="0" uspid="46" ordinal="27" offset="211" sl="44" sc="17" el="44" ec="24" bec="0" bev="0" fileid="3" />
                <SequencePoint vc="0" uspid="47" ordinal="28" offset="212" sl="44" sc="41" el="44" ec="46" bec="0" bev="0" fileid="3" />
                <SequencePoint vc="0" uspid="48" ordinal="29" offset="220" sl="44" sc="26" el="44" ec="37" bec="0" bev="0" fileid="3" />
                <SequencePoint vc="0" uspid="49" ordinal="30" offset="227" sl="45" sc="17" el="45" ec="18" bec="0" bev="0" fileid="3" />
                <SequencePoint vc="0" uspid="50" ordinal="31" offset="228" sl="46" sc="21" el="46" ec="52" bec="0" bev="0" fileid="3" />
                <SequencePoint vc="0" uspid="51" ordinal="32" offset="241" sl="47" sc="17" el="47" ec="18" bec="0" bev="0" fileid="3" />
                <SequencePoint vc="0" uspid="52" ordinal="33" offset="248" sl="44" sc="38" el="44" ec="40" bec="0" bev="0" fileid="3" />
                <SequencePoint vc="0" uspid="53" ordinal="34" offset="256" sl="48" sc="17" el="48" ec="29" bec="0" bev="0" fileid="3" />
                <SequencePoint vc="1" uspid="54" ordinal="35" offset="261" sl="50" sc="13" el="50" ec="32" bec="0" bev="0" fileid="3">
                  <TrackedMethodRefs>
                    <TrackedMethodRef uid="1" vc="1" />
                  </TrackedMethodRefs>
                </SequencePoint>
                <SequencePoint vc="1" uspid="55" ordinal="36" offset="263" sl="51" sc="13" el="51" ec="14" bec="0" bev="0" fileid="3">
                  <TrackedMethodRefs>
                    <TrackedMethodRef uid="1" vc="1" />
                  </TrackedMethodRefs>
                </SequencePoint>
                <SequencePoint vc="1" uspid="56" ordinal="37" offset="264" sl="52" sc="17" el="52" ec="65" bec="0" bev="0" fileid="3">
                  <TrackedMethodRefs>
                    <TrackedMethodRef uid="1" vc="1" />
                  </TrackedMethodRefs>
                </SequencePoint>
                <SequencePoint vc="1" uspid="57" ordinal="38" offset="287" sl="53" sc="17" el="53" ec="30" bec="0" bev="0" fileid="3">
                  <TrackedMethodRefs>
                    <TrackedMethodRef uid="1" vc="1" />
                  </TrackedMethodRefs>
                </SequencePoint>
                <SequencePoint vc="1" uspid="58" ordinal="39" offset="292" sl="55" sc="9" el="55" ec="10" bec="0" bev="0" fileid="3">
                  <TrackedMethodRefs>
                    <TrackedMethodRef uid="1" vc="1" />
                  </TrackedMethodRefs>
                </SequencePoint>
              </SequencePoints>
              <BranchPoints />
              <MethodPoint xsi:type="SequencePoint" vc="1" uspid="19" ordinal="0" offset="0" sl="21" sc="9" el="21" ec="10" bec="0" bev="0" fileid="3">
                <TrackedMethodRefs>
                  <TrackedMethodRef uid="1" vc="1" />
                </TrackedMethodRefs>
              </MethodPoint>
            </Method>
            <Method visited="false" cyclomaticComplexity="1" nPathComplexity="0" sequenceCoverage="0" branchCoverage="0" crapScore="2" isConstructor="true" isStatic="false" isGetter="false" isSetter="false">
              <Summary numSequencePoints="0" visitedSequencePoints="0" numBranchPoints="0" visitedBranchPoints="0" sequenceCoverage="0" branchCoverage="0" maxCyclomaticComplexity="1" minCyclomaticComplexity="1" maxCrapScore="2" minCrapScore="2" visitedClasses="0" numClasses="0" visitedMethods="0" numMethods="0" />
              <MetadataToken>100663299</MetadataToken>
              <Name>System.Void DevOpsDemo.Program::.ctor()</Name>
              <SequencePoints />
              <BranchPoints />
              <MethodPoint vc="0" uspid="63" ordinal="0" offset="0" />
            </Method>
          </Methods>
        </Class>
      </Classes>
      <TrackedMethods />
    </Module>
  </Modules>
</CoverageSession>